======================================================================================
2012/01/12 11:27:49
Entities created  for project id = 2090381313988
http://www.okkam.org/ens/id7576fcb5-1ed1-4c46-a1c2-4e2568080414
http://www.okkam.org/ens/id8881445b-fc7f-4ba6-89f1-2f9047a5aea6
http://www.okkam.org/ens/idf82e4acb-7ddf-4a8d-8c49-3c6c2c609981
3 Entities Created
======================================================================================
======================================================================================
2012/01/12 11:28:40
Entities created  for project id = 2090381313988
http://www.okkam.org/ens/id473fc82f-8dcd-49ae-a17a-82f2cef1845a
http://www.okkam.org/ens/id463cfa33-306f-4add-a46c-cb7170d68d5c
http://www.okkam.org/ens/id39fb0eb1-7ea0-4794-a5d3-dd04a5b8cfeb
http://www.okkam.org/ens/id273d6b30-0c1e-41a0-b394-60a023b1c75a
http://www.okkam.org/ens/id7418d934-c37a-44a1-8b51-9af42cae8750
http://www.okkam.org/ens/idfcfc89d4-72fb-487a-a4bb-4afd277ca920
http://www.okkam.org/ens/idaf7180f3-eb1d-4c25-bb8d-0297db795764
http://www.okkam.org/ens/idd582cf6c-edc6-4813-9c1e-f281e153e55f
http://www.okkam.org/ens/id3af2103e-5891-42cc-9315-8e4f64c5c22c
http://www.okkam.org/ens/ide0d1585b-17d0-4716-841c-07fe1c6bb1e7
http://www.okkam.org/ens/id9ff0d60a-c17c-4681-a3fc-8d20d12f115e
http://www.okkam.org/ens/id41dbe583-d62b-476a-98b8-655d451350f0
http://www.okkam.org/ens/idbe52c601-e946-4f54-bca8-c5327f5f4614
http://www.okkam.org/ens/idc7fc83c6-fed3-4f9f-af46-6096c5b35a77
http://www.okkam.org/ens/idf30ffe2e-66ff-4dc7-bd4d-fb4775f0b867
http://www.okkam.org/ens/id5b9f716f-160f-41d5-9885-215cffc3ba63
http://www.okkam.org/ens/idec5f2ff7-da1f-429f-98fb-73d17cacaa59
http://www.okkam.org/ens/ideffe7724-0193-414f-9966-93139a47c121
http://www.okkam.org/ens/id0e25cf14-ba9d-482b-aa09-7223db06c969
http://www.okkam.org/ens/id8fb610c0-df85-4244-86d2-78a2d0b57cb3
http://www.okkam.org/ens/ideb010564-e6a6-4dd0-b9be-99fde87478b5
http://www.okkam.org/ens/id14a17faf-bde6-435d-bf6e-df376048173b
22 Entities Created
======================================================================================
