10:57:49,447  INFO OkkamClient:213 - Query: QUERY { "FORRER" codice_fiscale="FRRLRD35P22D651B" first_name="ALFREDO" birthdate="22/09/1935"  } METADATA { entityType=person }
10:57:49,868  INFO OkkamClient:213 - Query: QUERY { "DALL'AGLIO" codice_fiscale="DLLBBR76H45E897Q" first_name="BARBARA" birthdate="05/06/1976"  } METADATA { entityType=person }
10:57:50,020  INFO OkkamClient:213 - Query: QUERY { "GROTT" codice_fiscale="GRTMSM88L30H612P" first_name="MASSIMILIANO" birthdate="30/07/1988"  } METADATA { entityType=person }
10:57:50,330  INFO OkkamClient:213 - Query: QUERY { "TEZZELE" codice_fiscale="TZZPIO29P30D651Y" first_name="PIO" birthdate="30/09/1929"  } METADATA { entityType=person }
10:57:51,028  INFO OkkamClient:213 - Query: QUERY { "MITTEMPERGHER" codice_fiscale="NULL" first_name="NICOLETTA" birthdate="20/04/1965"  } METADATA { entityType=person }
10:57:52,186  INFO OkkamClient:213 - Query: QUERY { "MARZARI" codice_fiscale="MRZSBN22S52D651L" first_name="SABINA" birthdate="12/11/1922"  } METADATA { entityType=person }
10:57:52,860  INFO OkkamClient:213 - Query: QUERY { "PERPRUNER" codice_fiscale="NULL" first_name="ANNA" birthdate="01/12/1920"  } METADATA { entityType=person }
10:57:53,997  INFO OkkamClient:213 - Query: QUERY { "TODESCA" codice_fiscale="TDSCRC63B18Z133K" first_name="CIRIACO" birthdate="18/02/1963"  } METADATA { entityType=person }
10:57:54,073  INFO OkkamClient:213 - Query: QUERY { "TOSS" codice_fiscale="TSSGRL64D43H612E" first_name="GABRIELLA" birthdate="03/04/1964"  } METADATA { entityType=person }
10:57:54,277  INFO OkkamClient:213 - Query: QUERY { "LUNELLI" codice_fiscale="NULL" first_name="ALESSANDRA" birthdate="05/04/1982"  } METADATA { entityType=person }
10:57:55,411  INFO OkkamClient:213 - Query: QUERY { "PEDROTTI" codice_fiscale="PDRBBR82E59H612M" first_name="BARBARA" birthdate="19/05/1982"  } METADATA { entityType=person }
10:57:55,628  INFO OkkamClient:213 - Query: QUERY { "MINONI" codice_fiscale="MNNNLN24D60F471V" first_name="NATALINA" birthdate="20/04/1924"  } METADATA { entityType=person }
10:57:55,727  INFO OkkamClient:213 - Query: QUERY { "LONGO" codice_fiscale="LNGCST70D50L424W" first_name="CRISTINA" birthdate="10/04/1970"  } METADATA { entityType=person }
10:57:56,009  INFO OkkamClient:213 - Query: QUERY { "STRUFFI" codice_fiscale="STRLCA16R67Z102S" first_name="ALICE" birthdate="27/10/1916"  } METADATA { entityType=person }
10:57:56,255  INFO OkkamClient:213 - Query: QUERY { "BERTOLDI" codice_fiscale="NULL" first_name="LORENA" birthdate="14/11/1957"  } METADATA { entityType=person }
10:57:57,415  INFO OkkamClient:213 - Query: QUERY { "PERGHER" codice_fiscale="PRGLRA69C62L378I" first_name="LAURA" birthdate="22/03/1969"  } METADATA { entityType=person }
10:57:58,071  INFO OkkamClient:213 - Query: QUERY { "FONTANA" codice_fiscale="NULL" first_name="EUGENIO" birthdate="31/03/1913"  } METADATA { entityType=person }
10:57:59,206  INFO OkkamClient:213 - Query: QUERY { "PARPAGIOLA" codice_fiscale="PRPCSR23P66E515N" first_name="CESIRA" birthdate="26/09/1923"  } METADATA { entityType=person }
10:57:59,273  INFO OkkamClient:213 - Query: QUERY { "FONTANA" codice_fiscale="NULL" first_name="MILENA" birthdate="18/06/1975"  } METADATA { entityType=person }
10:58:00,402  INFO OkkamClient:213 - Query: QUERY { "TADDEI" codice_fiscale="TDDNLT71B43H612N" first_name="NICOLETTA" birthdate="03/02/1971"  } METADATA { entityType=person }
10:58:00,564  INFO OkkamClient:213 - Query: QUERY { "CARBONARI" codice_fiscale="NULL" first_name="DARIA" birthdate="27/09/1921"  } METADATA { entityType=person }
10:58:01,718  INFO OkkamClient:213 - Query: QUERY { "TEZZA" codice_fiscale="TZZNNA60R70L781G" first_name="ANNA" birthdate="30/10/1960"  } METADATA { entityType=person }
10:58:02,153  INFO OkkamClient:213 - Query: QUERY { "CANEPPELE" codice_fiscale="NULL" first_name="AFRA" birthdate="20/07/1911"  } METADATA { entityType=person }
10:58:03,328  INFO OkkamClient:213 - Query: QUERY { "LOFANO" codice_fiscale="LFNDNC84E17C975R" first_name="DOMENICO" birthdate="17/05/1984"  } METADATA { entityType=person }
10:58:03,408  INFO OkkamClient:213 - Query: QUERY { "CENCH" codice_fiscale="CNCSVR40D48D651A" first_name="SAVERIA" birthdate="08/04/1940"  } METADATA { entityType=person }
10:58:03,495  INFO OkkamClient:213 - Query: QUERY { "DASCALUL" codice_fiscale="DSCNOA90S48Z129C" first_name="OANA" birthdate="08/11/1990"  } METADATA { entityType=person }
10:58:04,087  INFO OkkamClient:213 - Query: QUERY { "CUEL" codice_fiscale="NULL" first_name="ANDREA" birthdate="05/01/1991"  } METADATA { entityType=person }
10:58:05,247  INFO OkkamClient:213 - Query: QUERY { "TEZZELE" codice_fiscale="TZZMHL76L48H612Y" first_name="MICHELA" birthdate="08/07/1976"  } METADATA { entityType=person }
10:58:06,010  INFO OkkamClient:213 - Query: QUERY { "MARZARI" codice_fiscale="NULL" first_name="TULLIO" birthdate="18/07/1924"  } METADATA { entityType=person }
10:58:07,181  INFO OkkamClient:213 - Query: QUERY { "MURARO" codice_fiscale="MRRMNC66E65L378O" first_name="MONICA" birthdate="25/05/1966"  } METADATA { entityType=person }
10:58:07,459  INFO OkkamClient:213 - Query: QUERY { "PLOTEGHER" codice_fiscale="PLTLRN78D45H612H" first_name="LORENA" birthdate="05/04/1978"  } METADATA { entityType=person }
10:58:08,821  INFO OkkamClient:213 - Query: QUERY { "FAIT" codice_fiscale="FTACLR13D70D651T" first_name="CLARA" birthdate="30/04/1913"  } METADATA { entityType=person }
10:58:09,076  INFO OkkamClient:213 - Query: QUERY { "GELMINI" codice_fiscale="NULL" first_name="MARINA" birthdate="07/10/1929"  } METADATA { entityType=person }
10:58:10,387  INFO OkkamClient:213 - Query: QUERY { "VALLE" codice_fiscale="NULL" first_name="GENOVEFFA" birthdate="19/07/1899"  } METADATA { entityType=person }
10:58:11,567  INFO OkkamClient:213 - Query: QUERY { "VALZOLGHER" codice_fiscale="VLZPRZ66R54L378X" first_name="PATRIZIA" birthdate="14/10/1966"  } METADATA { entityType=person }
10:58:11,950  INFO OkkamClient:213 - Query: QUERY { "POTRICH" codice_fiscale="NULL" first_name="GUIDO" birthdate="03/08/1920"  } METADATA { entityType=person }
10:58:13,089  INFO OkkamClient:213 - Query: QUERY { "VALZOLGHER" codice_fiscale="VLZGPP20L65D651P" first_name="GIUSEPPINA" birthdate="25/07/1920"  } METADATA { entityType=person }
10:58:13,533  INFO OkkamClient:213 - Query: QUERY { "FRANCISKOVIC" codice_fiscale="NULL" first_name="JADRAN" birthdate="14/03/1965"  } METADATA { entityType=person }
10:58:14,656  INFO OkkamClient:213 - Query: QUERY { "AFFONTI" codice_fiscale="FFNLND37C42Z133F" first_name="IOLANDA" birthdate="02/03/1937"  } METADATA { entityType=person }
10:58:14,773  INFO OkkamClient:213 - Query: QUERY { "PACHER" codice_fiscale="PCHSFN74P28H612J" first_name="STEFANO" birthdate="28/09/1974"  } METADATA { entityType=person }
10:58:15,082  INFO OkkamClient:213 - Query: QUERY { "STOFFELLA" codice_fiscale="STFCHR60A60H612B" first_name="CHIARA" birthdate="20/01/1960"  } METADATA { entityType=person }
10:58:15,250  INFO OkkamClient:213 - Query: QUERY { "LARCHER" codice_fiscale="NULL" first_name="ELIGIO" birthdate="06/08/1919"  } METADATA { entityType=person }
10:58:16,386  INFO OkkamClient:213 - Query: QUERY { "HARING" codice_fiscale="NULL" first_name="MARIA" birthdate="27/11/1908"  } METADATA { entityType=person }
10:58:17,586  INFO OkkamClient:213 - Query: QUERY { "MONTI" codice_fiscale="MNTLEI96A13D940I" first_name="ELIA" birthdate="13/01/1996"  } METADATA { entityType=person }
10:58:17,746  INFO OkkamClient:213 - Query: QUERY { "TOLLER" codice_fiscale="TLLSVN56M52D651K" first_name="SILVANA" birthdate="12/08/1956"  } METADATA { entityType=person }
10:58:18,158  INFO OkkamClient:213 - Query: QUERY { "GROTT" codice_fiscale="GRTNRC23T08D651D" first_name="ENRICO" birthdate="08/12/1923"  } METADATA { entityType=person }
10:58:18,484  INFO OkkamClient:213 - Query: QUERY { "MARZARI" codice_fiscale="MRZVNI57S70E492S" first_name="IVANA" birthdate="30/11/1957"  } METADATA { entityType=person }
10:58:19,131  INFO OkkamClient:213 - Query: QUERY { "VALLE" codice_fiscale="VLLLGU39M42Z110L" first_name="LUIGIA" birthdate="02/08/1939"  } METADATA { entityType=person }
10:58:19,989  INFO OkkamClient:213 - Query: QUERY { "LARCHER" codice_fiscale="LRCMCR59P67H612G" first_name="MARIACARLA" birthdate="27/09/1959"  } METADATA { entityType=person }
10:58:20,407  INFO OkkamClient:213 - Query: QUERY { "RECH" codice_fiscale="NULL" first_name="OTTORINO" birthdate="28/08/1921"  } METADATA { entityType=person }
10:58:21,563  INFO OkkamClient:213 - Query: QUERY { "COLPI" codice_fiscale="NULL" first_name="FEDERICO" birthdate="11/04/1906"  } METADATA { entityType=person }
10:58:22,711  INFO OkkamClient:213 - Query: QUERY { "DALPRA'" codice_fiscale="DLPPCR54A03D651C" first_name="PIERCARLO" birthdate="03/01/1954"  } METADATA { entityType=person }
10:58:23,125  INFO OkkamClient:213 - Query: QUERY { "VALLE" codice_fiscale="VLLPRN21D44D651G" first_name="PIERINA" birthdate="04/04/1921"  } METADATA { entityType=person }
10:58:24,020  INFO OkkamClient:213 - Query: QUERY { "PLOTEGHER" codice_fiscale="NULL" first_name="CLAUDIO" birthdate="26/11/1949"  } METADATA { entityType=person }
10:58:25,184  INFO OkkamClient:213 - Query: QUERY { "MITTEMPERGHER" codice_fiscale="MTTVND63C57L378C" first_name="VANDA" birthdate="17/03/1963"  } METADATA { entityType=person }
10:58:25,578  INFO OkkamClient:213 - Query: QUERY { "VALZOLGHER" codice_fiscale="VLZSRA80H59H612E" first_name="SARA" birthdate="19/06/1980"  } METADATA { entityType=person }
10:58:26,009  INFO OkkamClient:213 - Query: QUERY { "HUEBER" codice_fiscale="HBRCRS72S14L378J" first_name="CHRISTIAN" birthdate="14/11/1972"  } METADATA { entityType=person }
10:58:26,343  INFO OkkamClient:213 - Query: QUERY { "ROSPOCHER" codice_fiscale="NULL" first_name="MAURIZIO" birthdate="13/06/1966"  } METADATA { entityType=person }
10:58:27,497  INFO OkkamClient:213 - Query: QUERY { "RATTIN" codice_fiscale="RTTMRN81S45H612V" first_name="MORENA" birthdate="05/11/1981"  } METADATA { entityType=person }
10:58:27,611  INFO OkkamClient:213 - Query: QUERY { "ZOBELE" codice_fiscale="ZBLMRC68E23L378F" first_name="MARCO" birthdate="23/05/1968"  } METADATA { entityType=person }
10:58:28,104  INFO OkkamClient:213 - Query: QUERY { "MARZARI" codice_fiscale="MRZGLN57C26L378L" first_name="GIULIANO" birthdate="26/03/1957"  } METADATA { entityType=person }
10:58:28,805  INFO OkkamClient:213 - Query: QUERY { "FERRARO" codice_fiscale="FRRGNN77T19C794S" first_name="GIOVANNI" birthdate="19/12/1977"  } METADATA { entityType=person }
10:58:29,089  INFO OkkamClient:213 - Query: QUERY { "CAPPELLETTI" codice_fiscale="NULL" first_name="CLAUDIO" birthdate="22/10/1942"  } METADATA { entityType=person }
10:58:30,332  INFO OkkamClient:213 - Query: QUERY { "RENSI" codice_fiscale="NULL" first_name="IDA" birthdate="28/03/1910"  } METADATA { entityType=person }
10:58:31,473  INFO OkkamClient:213 - Query: QUERY { "SARTORI" codice_fiscale="SRTSVN47S52D651P" first_name="SILVANA" birthdate="12/11/1947"  } METADATA { entityType=person }
10:58:31,651  INFO OkkamClient:213 - Query: QUERY { "RECH" codice_fiscale="RCHLCU32R42D651I" first_name="LUCIA" birthdate="02/10/1932"  } METADATA { entityType=person }
10:58:32,766  INFO OkkamClient:213 - Query: QUERY { "WEGHER" codice_fiscale="WGHSFN94L02H612V" first_name="STEFANO" birthdate="02/07/1994"  } METADATA { entityType=person }
